Evaluating file ../../test_edgelist.txt
Skipping edge 25 - 25
Skipping edge 27 - 27
Skipping edge 30 - 30
Skipping edge 31 - 31
Skipping edge 32 - 32
Skipping edge 34 - 34
Skipping edge 37 - 37
Skipping edge 63 - 63
Skipping edge 65 - 65
Skipping edge 78 - 78
Skipping edge 95 - 95
Skipping edge 101 - 101
Skipping edge 107 - 107
Skipping edge 109 - 109
Skipping edge 125 - 125
Skipping edge 144 - 144
Generating chunks
0-153 
stream created
Allocated for vertex start: 616
Most neighbors: 492
Cluster size ptr: 0x7f4a93e01000 - 0x7f4a93e028ec
Host cluster size ptr: 0x2126710
stream created
Allocated for vertex start: 616
Most neighbors: 492
Cluster size ptr: 0x7f4a93e08600 - 0x7f4a93e09eec
Host cluster size ptr: 0x21391e0
Pointer vectors allocated
Pairs pointer allocated
Length pointer allocated
Number of chunks: 2
RUN
Streams used: 1
chunk start 0
chunk end 153
last chunk start 490
last neighbor 491
Neighbor size: 492
Indexes copied
Copying 612B of data
Vertex starts copied
Neighbors copied
Generation finished
Copied clusters: 1595


153

Cluster of size 19 for nodes 32-36-153
Vertex start: 234, Neighbor offset: 0, edge_one: 0, edge_two: 1, pair_combination = 0
host cluster sizes copied
host cluster starts copied
Pairs Generated
Processed clusters: 1595
Cluster 153, size: 19
Total cluster sizes: 
0: 424
1: 344
2: 297
3: 395
4: 576
5: 244
6: 395
7: 378
8: 378
9: 207
10: 172
11: 188
12: 88
13: 88
14: 298
15: 183
16: 329
17: 134
18: 413
19: 191
20: 173
21: 225
22: 70
23: 36
24: 963
25: 3720
26: 6041
27: 10352
28: 6240
29: 1351
30: 4913
31: 2352
32: 14137
33: 1685
34: 14442
35: 2549
36: 334
37: 2256
38: 1198
39: 11
40: 215
41: 1448
42: 195
43: 205
44: 71
45: 71
46: 71
47: 110
48: 433
49: 433
50: 433
51: 433
52: 2205
53: 433
54: 1753
55: 688
56: 428
57: 428
58: 428
59: 86
60: 982
61: 86
62: 2492
63: 682
64: 91
65: 6506
66: 245
67: 245
68: 245
69: 245
70: 245
71: 676
72: 245
73: 245
74: 245
75: 245
76: 67
77: 6833
78: 5085
79: 406
80: 406
81: 248
82: 248
83: 248
84: 248
85: 671
86: 248
87: 248
88: 248
89: 248
90: 183
91: 183
92: 183
93: 329
94: 183
95: 60
96: 12
97: 12
98: 12
99: 12
100: 12
101: 2136
102: 1024
103: 94
104: 314
105: 94
106: 94
107: 4112
108: 388
109: 248
110: 165
111: 165
112: 484
113: 25
114: 421
115: 26
116: 26
117: 240
118: 240
119: 464
120: 240
121: 240
122: 240
123: 240
124: 240
125: 2507
126: 94
127: 94
128: 94
129: 43
130: 14
131: 343
132: 95
133: 95
134: 95
135: 95
136: 95
137: 158
138: 158
139: 158
140: 158
141: 158
142: 158
143: 158
144: 195
145: 18
146: 18
147: 18
148: 56
149: 2
150: 1
151: 343
152: 158
153: 51
i: 6363, Cluster size:1 total: 51
i: 6371, Cluster size:4 total: 51
i: 6375, Cluster size:8 total: 51
i: 6376, Cluster size:19 total: 51
i: 6377, Cluster size:19 total: 51
end
Clusters total: 6380, array_size: 4096
Ratio: 1, ceil: 2
Computing normalized force in 2 chunks
Copying elements 0 to 4096
Copying elements 4096 to 6380
Normalized sizes counted, freeing cuda arrays: 2
0
0x7f4a93e00000input sizes freed
input vertices freed
outputs freed
1
0x7f4a93e0c000input sizes freed
input vertices freed
outputs freed
Input and output pointers deleted
CUDA pointers deallocated
Starting summation of normalized edges

0: 3.70926
1: 3.59105
2: 3.5363
3: 3.68178
4: 3.9853
5: 3.32372
6: 3.68178
7: 3.68083
8: 3.68083
9: 3.24452
10: 3.16383
11: 3.20338
12: 2.65975
13: 2.65975
14: 3.55442
15: 3.17555
16: 3.60239
17: 2.81763
18: 3.81824
19: 3.2008
20: 3.1623
21: 3.28006
22: 2.2926
23: 1.60395
24: 3.80981
25: 5.10688
26: 5.53646
27: 5.90172
28: 5.37333
29: 4.10455
30: 5.16608
31: 4.52203
32: 6.11661
33: 4.28408
34: 6.12491
35: 4.59793
36: 2.84266
37: 4.57064
38: 3.8927
39: 0
40: 2.47617
41: 4.30189
42: 2.83991
43: 2.63996
44: 1.81193
45: 1.81193
46: 1.81193
47: 2.26382
48: 2.86693
49: 2.86693
50: 2.86693
51: 2.86693
52: 4.5535
53: 2.86693
54: 4.25089
55: 3.38432
56: 2.86868
57: 2.86868
58: 2.86868
59: 1.67467
60: 3.88773
61: 1.67467
62: 4.57328
63: 3.39531
64: 1.69264
65: 5.53036
66: 2.57582
67: 2.57582
68: 2.57582
69: 2.57582
70: 2.57582
71: 3.4228
72: 2.57582
73: 2.57582
74: 2.57582
75: 2.57582
76: 1.54864
77: 5.5329
78: 5.24603
79: 3.08595
80: 3.08595
81: 2.56551
82: 2.56551
83: 2.56551
84: 2.56551
85: 3.42294
86: 2.56551
87: 2.56551
88: 2.56551
89: 2.56551
90: 2.30392
91: 2.30392
92: 2.30392
93: 2.89032
94: 2.30392
95: 2.99573
96: 1.38629
97: 1.38629
98: 1.38629
99: 1.38629
100: 1.38629
101: 4.57146
102: 3.82416
103: 1.94136
104: 2.96077
105: 1.94136
106: 1.94136
107: 5.15031
108: 3.03399
109: 2.76487
110: 2.32938
111: 2.32938
112: 3.35142
113: 1.06836
114: 3.40503
115: 1.32778
116: 1.32778
117: 2.59785
118: 2.59785
119: 3.17862
120: 2.59785
121: 2.59785
122: 2.59785
123: 2.59785
124: 2.59785
125: 4.58274
126: 1.76452
127: 1.76452
128: 1.76452
129: 1.0569
130: 0.410116
131: 2.75008
132: 1.92139
133: 1.92139
134: 1.92139
135: 1.92139
136: 1.92139
137: 2.32061
138: 2.32061
139: 2.32061
140: 2.32061
141: 2.32061
142: 2.32061
143: 2.32061
144: 3.06472
145: 1.32036
146: 1.32036
147: 1.32036
148: 1.32759
149: 0.693147
150: 0
151: 2.75008
152: 2.47589
153: 1.30301
