Evaluating file ../../test_edgelist.txt
Generating chunks
0-153 
stream created
Allocated for vertex start: 616
Most neighbors: 508
Cluster size ptr: 0x7f5793e01000 - 0x7f5793e02b80
Host cluster size ptr: 0xcc86e0
stream created
Allocated for vertex start: 616
Most neighbors: 508
Cluster size ptr: 0x7f5793e09000 - 0x7f5793e0ab80
Host cluster size ptr: 0xcdb730
Pointer vectors allocated
Pairs pointer allocated
Length pointer allocated
Number of chunks: 2
RUN
Streams used: 1
Indexes copied
Copying 612B of data
Vertex starts copied
Neighbors copied
Generation finished
Copied clusters: 1760
Cluster of size 17 for nodes 71-151-27
Cluster of size 30 for nodes 77-151-27
Cluster of size 17 for nodes 85-151-27
Cluster of size 28 for nodes 107-151-27
Cluster of size 16 for nodes 131-151-27
Cluster of size 18 for nodes 24-151-27
Cluster of size 28 for nodes 25-151-27
Cluster of size 30 for nodes 26-151-27
Cluster of size 33 for nodes 27-151-27
Cluster of size 26 for nodes 28-151-27
Cluster of size 20 for nodes 29-151-27
Cluster of size 26 for nodes 30-151-27
Cluster of size 21 for nodes 35-151-27
Cluster of size 25 for nodes 37-151-27
Cluster of size 18 for nodes 38-151-27
Cluster of size 23 for nodes 41-151-27
Cluster of size 20 for nodes 60-151-27
host cluster sizes copied
host cluster starts copied
Pairs Generated
Processed clusters: 1760
Cluster 151, size: 35
Cluster 151, size: 36
Cluster 151, size: 34
Cluster 151, size: 31
