Evaluating file ../../test_edgelist.txt
Generating chunks
0-153 
stream created
Allocated for vertex start: 616
Most neighbors: 508
Cluster size ptr: 0x7f5cc7e01000 - 0x7f5cc7e02b80
Host cluster size ptr: 0x21e9840
stream created
Allocated for vertex start: 616
Most neighbors: 508
Cluster size ptr: 0x7f5cc7e09000 - 0x7f5cc7e0ab80
Host cluster size ptr: 0x21fc1c0
Pointer vectors allocated
Pairs pointer allocated
Length pointer allocated
Number of chunks: 2
RUN
Streams used: 1
Indexes copied
Copying 612B of data
Vertex starts copied
Neighbors copied
Generation finished
Copied clusters: 1760
Cluster of size 17 for nodes 71-151-27
Cluster of size 30 for nodes 77-151-27
Cluster of size 17 for nodes 85-151-27
Cluster of size 28 for nodes 107-151-27
Cluster of size 16 for nodes 131-151-27
Cluster of size 18 for nodes 24-151-27
Cluster of size 28 for nodes 25-151-27
Cluster of size 30 for nodes 26-151-27
Cluster of size 33 for nodes 27-151-27
Cluster of size 26 for nodes 28-151-27
Cluster of size 20 for nodes 29-151-27
Cluster of size 26 for nodes 30-151-27
Cluster of size 21 for nodes 35-151-27
Cluster of size 25 for nodes 37-151-27
Cluster of size 18 for nodes 38-151-27
Cluster of size 23 for nodes 41-151-27
Cluster of size 20 for nodes 60-151-27
host cluster sizes copied
host cluster starts copied
Pairs Generated
Processed clusters: 1760
Total cluster sizes: 
0: 456
1: 376
2: 329
3: 443
4: 640
5: 284
6: 443
7: 442
8: 442
9: 231
10: 196
11: 212
12: 112
13: 112
14: 338
15: 215
16: 361
17: 142
18: 445
19: 215
20: 197
21: 249
22: 78
23: 36
24: 1090
25: 5020
26: 6396
27: 13192
28: 6860
29: 1474
30: 6304
31: 3100
32: 17991
33: 1843
34: 18340
35: 2796
36: 385
37: 3124
38: 1377
39: 12
40: 255
41: 1586
42: 230
43: 235
44: 73
45: 73
46: 73
47: 123
48: 496
49: 496
50: 496
51: 496
52: 2473
53: 496
54: 1972
55: 802
56: 491
57: 491
58: 491
59: 107
60: 1084
61: 107
62: 2779
63: 921
64: 95
65: 8762
66: 293
67: 293
68: 293
69: 293
70: 293
71: 783
72: 293
73: 293
74: 293
75: 293
76: 69
77: 7252
78: 6683
79: 440
80: 440
81: 252
82: 252
83: 252
84: 252
85: 739
86: 252
87: 252
88: 252
89: 252
90: 220
91: 220
92: 220
93: 397
94: 220
95: 215
96: 25
97: 25
98: 25
99: 25
100: 25
101: 3003
102: 1194
103: 121
104: 384
105: 121
106: 121
107: 5599
108: 462
109: 393
110: 202
111: 202
112: 530
113: 26
114: 428
115: 26
116: 26
117: 243
118: 243
119: 509
120: 243
121: 243
122: 243
123: 243
124: 243
125: 3402
126: 119
127: 119
128: 119
129: 46
130: 22
131: 396
132: 122
133: 122
134: 122
135: 122
136: 122
137: 193
138: 193
139: 193
140: 193
141: 193
142: 193
143: 193
144: 376
145: 31
146: 31
147: 31
148: 58
149: 2
150: 1
151: 396
152: 162
153: 75
i: 2003, Cluster size:18 total: 396
i: 2007, Cluster size:28 total: 396
i: 2011, Cluster size:30 total: 396
i: 2015, Cluster size:33 total: 396
i: 2019, Cluster size:26 total: 396
i: 2023, Cluster size:20 total: 396
i: 2027, Cluster size:26 total: 396
i: 2031, Cluster size:21 total: 396
i: 2035, Cluster size:25 total: 396
i: 2039, Cluster size:18 total: 396
i: 2043, Cluster size:23 total: 396
i: 2047, Cluster size:20 total: 396
i: 2051, Cluster size:17 total: 396
i: 2055, Cluster size:30 total: 396
i: 2059, Cluster size:17 total: 396
i: 2063, Cluster size:28 total: 396
i: 2067, Cluster size:16 total: 396
end
Clusters total: 7040, array_size: 4096
Ratio: 1, ceil: 2
Computing normalized force in 2 chunks
Copying elements 0 to 4096
Copying elements 4096 to 7040
Normalized sizes counted, freeing cuda arrays: 2
0
0x7f5cc7e00000input sizes freed
input vertices freed
outputs freed
1
0x7f5cc7e0c000input sizes freed
input vertices freed
outputs freed
Input and output pointers deleted
CUDA pointers deallocated
Starting summation of normalized edges

0: 3.70959
1: 3.59836
2: 3.54414
3: 3.68634
4: 3.98809
5: 3.33162
6: 3.68634
7: 3.68622
8: 3.68622
9: 3.25206
10: 3.17704
11: 3.2155
12: 2.69523
13: 2.69523
14: 3.57017
15: 3.20078
16: 3.60226
17: 2.8128
18: 3.81426
19: 3.2147
20: 3.17629
21: 3.28785
22: 2.29963
23: 1.60395
24: 3.84478
25: 5.30306
26: 5.53817
27: 6.03578
28: 5.3964
29: 4.13048
30: 5.33145
31: 4.72713
32: 6.24412
33: 4.30331
34: 6.25112
35: 4.62197
36: 3.05659
37: 4.82268
38: 3.94966
39: 0
40: 2.55888
41: 4.31592
42: 2.95388
43: 2.70602
44: 1.79927
45: 1.79927
46: 1.79927
47: 2.35339
48: 2.9184
49: 2.9184
50: 2.9184
51: 2.9184
52: 4.58747
53: 2.9184
54: 4.28644
55: 3.44624
56: 2.92015
57: 2.92015
58: 2.92015
59: 1.84811
60: 3.92039
61: 1.84811
62: 4.60701
63: 3.6404
64: 1.69505
65: 5.70275
66: 2.64452
67: 2.64452
68: 2.64452
69: 2.64452
70: 2.64452
71: 3.48333
72: 2.64452
73: 2.64452
74: 2.64452
75: 2.64452
76: 1.54322
77: 5.53819
78: 5.42432
79: 3.13273
80: 3.13273
81: 2.55893
82: 2.55893
83: 2.55893
84: 2.55893
85: 3.44584
86: 2.55893
87: 2.55893
88: 2.55893
89: 2.55893
90: 2.40216
91: 2.40216
92: 2.40216
93: 2.99947
94: 2.40216
95: 3.47516
96: 1.54065
97: 1.54065
98: 1.54065
99: 1.54065
100: 1.54065
101: 4.82259
102: 3.88333
103: 2.08305
104: 3.06066
105: 2.08305
106: 2.08305
107: 5.32425
108: 3.12693
109: 3.18417
110: 2.42187
111: 2.42187
112: 3.3804
113: 1.05791
114: 3.39843
115: 1.32778
116: 1.32778
117: 2.59361
118: 2.59361
119: 3.21454
120: 2.59361
121: 2.59361
122: 2.59361
123: 2.59361
124: 2.59361
125: 4.80938
126: 1.93409
127: 1.93409
128: 1.93409
129: 1.06215
130: 0.89605
131: 2.80824
132: 2.06828
133: 2.06828
134: 2.06828
135: 2.06828
136: 2.06828
137: 2.41505
138: 2.41505
139: 2.41505
140: 2.41505
141: 2.41505
142: 2.41505
143: 2.41505
144: 3.61301
145: 1.55491
146: 1.55491
147: 1.55491
148: 1.33529
149: 0.693147
150: 0
151: 2.80824
152: 2.46818
153: 1.18298
