Evaluating file ../../fb_full.txt
ERROR 414
ERROR 428
ERROR 1684
ERROR 1912
ERROR 2814
ERROR 2838
ERROR 2885
ERROR 3003
ERROR 3173
ERROR 3290
ERROR 363
ERROR 366
ERROR 376
ERROR 389
ERROR 420
ERROR 475
ERROR 483
ERROR 517
ERROR 526
ERROR 538
ERROR 563
ERROR 566
ERROR 580
ERROR 596
ERROR 601
ERROR 606
ERROR 629
ERROR 637
ERROR 641
ERROR 649
ERROR 651
ERROR 896
ERROR 1685
ERROR 1926
ERROR 1932
ERROR 1939
ERROR 1945
ERROR 1951
ERROR 1955
ERROR 1972
ERROR 1976
ERROR 1991
ERROR 1995
ERROR 1998
ERROR 2001
ERROR 2004
ERROR 2007
ERROR 2009
ERROR 2018
ERROR 2024
ERROR 2027
ERROR 2032
ERROR 2038
ERROR 2042
ERROR 2054
ERROR 2068
ERROR 2071
ERROR 2081
ERROR 2102
ERROR 2111
ERROR 2116
ERROR 2127
ERROR 2133
ERROR 2135
ERROR 2138
ERROR 2143
ERROR 2153
ERROR 2157
ERROR 2171
ERROR 2174
ERROR 2180
ERROR 2183
ERROR 2187
ERROR 2189
ERROR 2199
ERROR 2203
ERROR 2223
ERROR 2247
ERROR 2250
ERROR 2254
ERROR 2264
ERROR 2267
ERROR 2279
ERROR 2283
ERROR 2289
ERROR 2292
ERROR 2302
ERROR 2319
ERROR 2327
ERROR 2336
ERROR 2364
ERROR 2378
ERROR 2384
ERROR 2398
ERROR 2417
ERROR 2436
ERROR 2445
ERROR 2447
ERROR 2451
ERROR 2458
ERROR 2461
ERROR 2463
ERROR 2471
ERROR 2475
ERROR 2491
ERROR 2494
ERROR 2498
ERROR 2502
ERROR 2508
ERROR 2510
ERROR 2529
ERROR 2533
ERROR 2538
ERROR 2543
ERROR 2547
ERROR 2571
ERROR 2583
ERROR 2589
ERROR 2598
ERROR 2617
ERROR 2629
ERROR 2635
ERROR 2640
ERROR 2643
ERROR 2647
ERROR 2649
ERROR 2653
ERROR 2660
ERROR 2704
ERROR 2740
ERROR 464
ERROR 549
ERROR 364
ERROR 393
ERROR 399
ERROR 441
ERROR 476
ERROR 501
ERROR 564
ERROR 352
ERROR 354
ERROR 365
ERROR 367
ERROR 377
ERROR 390
ERROR 394
ERROR 400
ERROR 415
ERROR 421
ERROR 429
ERROR 442
ERROR 465
ERROR 477
ERROR 485
ERROR 502
ERROR 518
ERROR 527
ERROR 539
ERROR 550
ERROR 565
ERROR 567
ERROR 591
ERROR 656
ERROR 669
ERROR 645
ERROR 666
ERROR 683
ERROR 590
ERROR 614
ERROR 634
ERROR 680
ERROR 610
ERROR 652
ERROR 673
ERROR 676
ERROR 630
ERROR 678
ERROR 609
ERROR 575
ERROR 581
ERROR 588
ERROR 592
ERROR 594
ERROR 597
ERROR 602
ERROR 605
ERROR 607
ERROR 611
ERROR 615
ERROR 621
ERROR 631
ERROR 635
ERROR 638
ERROR 642
ERROR 647
ERROR 650
ERROR 653
ERROR 657
ERROR 667
ERROR 670
ERROR 674
ERROR 677
ERROR 679
ERROR 681
ERROR 684
ERROR 1967
ERROR 3437
ERROR 3454
ERROR 3487
ERROR 3723
ERROR 3861
ERROR 3961
ERROR 3980
ERROR 3989
ERROR 4011
ERROR 4031
ERROR 890
ERROR 891
ERROR 3456
ERROR 3495
ERROR 3586
ERROR 3621
ERROR 3626
ERROR 3797
ERROR 3517
ERROR 3550
ERROR 3577
ERROR 3592
ERROR 3609
ERROR 3633
ERROR 3677
ERROR 3684
ERROR 3721
ERROR 3779
ERROR 3872
ERROR 3948
ERROR 2760
ERROR 2822
ERROR 2883
ERROR 2941
ERROR 2968
ERROR 3005
ERROR 3057
ERROR 3136
ERROR 3164
ERROR 3222
ERROR 3245
ERROR 3248
ERROR 3263
ERROR 3278
ERROR 3328
ERROR 3361
ERROR 3440
ERROR 3525
ERROR 3540
ERROR 3556
ERROR 3561
ERROR 3651
ERROR 3674
ERROR 3692
ERROR 3741
ERROR 3750
ERROR 3756
ERROR 3830
ERROR 3851
ERROR 3877
ERROR 3886
ERROR 3943
ERROR 3962
ERROR 2826
ERROR 2752
ERROR 2775
ERROR 2869
ERROR 2892
ERROR 2962
ERROR 3001
ERROR 3019
ERROR 3100
ERROR 3162
ERROR 3168
ERROR 3233
ERROR 3295
ERROR 3304
ERROR 3331
ERROR 3366
ERROR 3404
ERROR 3406
ERROR 3412
ERROR 2971
ERROR 3034
ERROR 3178
ERROR 3410
ERROR 3420
ERROR 3011
ERROR 3179
ERROR 3289
ERROR 1941
ERROR 1948
ERROR 1959
ERROR 2028
ERROR 2047
ERROR 2053
ERROR 2065
ERROR 2087
ERROR 2125
ERROR 2132
ERROR 2134
ERROR 2148
ERROR 2169
ERROR 2191
ERROR 2194
ERROR 2196
ERROR 2198
ERROR 2239
ERROR 2266
ERROR 2282
ERROR 2285
ERROR 2293
ERROR 2315
ERROR 2328
ERROR 2332
ERROR 2338
ERROR 2347
ERROR 2351
ERROR 2368
ERROR 2372
ERROR 2385
ERROR 2399
ERROR 2420
ERROR 2496
ERROR 2501
ERROR 2509
ERROR 2512
ERROR 2516
ERROR 2530
ERROR 2542
ERROR 2555
ERROR 2567
ERROR 2592
ERROR 2597
ERROR 2608
ERROR 2642
ERROR 2725
ERROR 2734
ERROR 2764
ERROR 2964
ERROR 3020
ERROR 3062
ERROR 3079
ERROR 3165
ERROR 3205
ERROR 3258
ERROR 3386
ERROR 3409
ERROR 2979
ERROR 3101
ERROR 3265
ERROR 3385
ERROR 1916
ERROR 1940
ERROR 1947
ERROR 1954
ERROR 1994
ERROR 2002
ERROR 2010
ERROR 2026
ERROR 2052
ERROR 2062
ERROR 2101
ERROR 2137
ERROR 2144
ERROR 2151
ERROR 2163
ERROR 2176
ERROR 2215
ERROR 2241
ERROR 2246
ERROR 2273
ERROR 2294
ERROR 2298
ERROR 2343
ERROR 2355
ERROR 2377
ERROR 2389
ERROR 2394
ERROR 2413
ERROR 2419
ERROR 2465
ERROR 2468
ERROR 2519
ERROR 2544
ERROR 2582
ERROR 2588
ERROR 2594
ERROR 2605
ERROR 2609
ERROR 2616
ERROR 2903
ERROR 2938
ERROR 2999
ERROR 3201
ERROR 3319
ERROR 3355
ERROR 3111
ERROR 3186
ERROR 2679
ERROR 2694
ERROR 2705
ERROR 2708
ERROR 2726
ERROR 2735
ERROR 2741
ERROR 2753
ERROR 2761
ERROR 2765
ERROR 2776
ERROR 2815
ERROR 2823
ERROR 2827
ERROR 2839
ERROR 2870
ERROR 2884
ERROR 2886
ERROR 2893
ERROR 2904
ERROR 2939
ERROR 2942
ERROR 2963
ERROR 2965
ERROR 2969
ERROR 2972
ERROR 2977
ERROR 2980
ERROR 3000
ERROR 3002
ERROR 3004
ERROR 3006
ERROR 3012
ERROR 3021
ERROR 3035
ERROR 3058
ERROR 3063
ERROR 3080
ERROR 3098
ERROR 3102
ERROR 3112
ERROR 3137
ERROR 3163
ERROR 3166
ERROR 3169
ERROR 3174
ERROR 3180
ERROR 3187
ERROR 3202
ERROR 3206
ERROR 3223
ERROR 3234
ERROR 3246
ERROR 3249
ERROR 3259
ERROR 3264
ERROR 3266
ERROR 3279
ERROR 3291
ERROR 3296
ERROR 3305
ERROR 3320
ERROR 3329
ERROR 3332
ERROR 3356
ERROR 3362
ERROR 3367
ERROR 3387
ERROR 3405
ERROR 3407
ERROR 3411
ERROR 3413
ERROR 3421
ERROR 2031
ERROR 2155
ERROR 2185
ERROR 2325
ERROR 2330
ERROR 1917
ERROR 1921
ERROR 1927
ERROR 1933
ERROR 1942
ERROR 1946
ERROR 1949
ERROR 1952
ERROR 1956
ERROR 1960
ERROR 1968
ERROR 1974
ERROR 1977
ERROR 1992
ERROR 1996
ERROR 1999
ERROR 2005
ERROR 2008
ERROR 2011
ERROR 2019
ERROR 2025
ERROR 2029
ERROR 2033
ERROR 2040
ERROR 2043
ERROR 2048
ERROR 2055
ERROR 2063
ERROR 2066
ERROR 2069
ERROR 2073
ERROR 2082
ERROR 2088
ERROR 2103
ERROR 2112
ERROR 2118
ERROR 2126
ERROR 2129
ERROR 2136
ERROR 2139
ERROR 2145
ERROR 2150
ERROR 2152
ERROR 2154
ERROR 2156
ERROR 2158
ERROR 2164
ERROR 2170
ERROR 2172
ERROR 2175
ERROR 2177
ERROR 2181
ERROR 2184
ERROR 2186
ERROR 2188
ERROR 2190
ERROR 2192
ERROR 2195
ERROR 2197
ERROR 2200
ERROR 2204
ERROR 2216
ERROR 2226
ERROR 2240
ERROR 2242
ERROR 2248
ERROR 2251
ERROR 2255
ERROR 2265
ERROR 2269
ERROR 2274
ERROR 2280
ERROR 2286
ERROR 2290
ERROR 2296
ERROR 2299
ERROR 2303
ERROR 2316
ERROR 2320
ERROR 2326
ERROR 2329
ERROR 2331
ERROR 2334
ERROR 2339
ERROR 2345
ERROR 2348
ERROR 2352
ERROR 2356
ERROR 2365
ERROR 2369
ERROR 2373
ERROR 2379
ERROR 2386
ERROR 2390
ERROR 2395
ERROR 2400
ERROR 2414
ERROR 2418
ERROR 2421
ERROR 2437
ERROR 2446
ERROR 2448
ERROR 2452
ERROR 2460
ERROR 2462
ERROR 2464
ERROR 2466
ERROR 2469
ERROR 2473
ERROR 2476
ERROR 2492
ERROR 2495
ERROR 2497
ERROR 2499
ERROR 2503
ERROR 2513
ERROR 2517
ERROR 2520
ERROR 2531
ERROR 2534
ERROR 2539
ERROR 2545
ERROR 2548
ERROR 2556
ERROR 2568
ERROR 2572
ERROR 2584
ERROR 2590
ERROR 2593
ERROR 2595
ERROR 2599
ERROR 2606
ERROR 2610
ERROR 2618
ERROR 2630
ERROR 2637
ERROR 2641
ERROR 2644
ERROR 2648
ERROR 2650
ERROR 2654
ERROR 3438
ERROR 3441
ERROR 3455
ERROR 3457
ERROR 3488
ERROR 3496
ERROR 3502
ERROR 3518
ERROR 3526
ERROR 3541
ERROR 3551
ERROR 3557
ERROR 3562
ERROR 3578
ERROR 3587
ERROR 3593
ERROR 3610
ERROR 3622
ERROR 3627
ERROR 3634
ERROR 3652
ERROR 3675
ERROR 3678
ERROR 3685
ERROR 3693
ERROR 3722
ERROR 3724
ERROR 3742
ERROR 3751
ERROR 3757
ERROR 3780
ERROR 3798
ERROR 3831
ERROR 3852
ERROR 3862
ERROR 3873
ERROR 3878
ERROR 3887
ERROR 3944
ERROR 3949
ERROR 3963
ERROR 3981
ERROR 3990
ERROR 4012
ERROR 4032
Generating chunks
0-0 1-1 2-21 22-25 26-26 27-41 42-56 57-67 68-82 83-107 108-108 109-119 120-126 127-136 137-137 138-170 171-186 187-200 201-213 214-239 240-252 253-271 272-277 278-285 286-304 305-315 316-322 323-325 326-343 344-348 349-349 350-350 351-351 352-352 353-353 354-359 360-360 361-361 362-362 363-363 364-365 366-366 367-367 368-368 369-369 370-370 371-371 372-372 373-373 374-374 375-376 377-377 378-378 379-379 380-381 382-382 383-383 384-388 389-392 393-399 400-402 403-403 404-404 405-407 408-408 409-411 412-412 413-416 417-420 421-424 425-428 429-432 433-433 434-434 435-438 439-439 440-440 441-445 446-446 447-447 448-452 453-453 454-454 455-463 464-464 465-465 466-466 467-467 468-469 470-475 476-479 480-480 481-483 484-484 485-489 490-490 491-491 492-492 493-493 494-500 501-501 502-503 504-504 505-506 507-510 511-512 513-514 515-515 516-518 519-522 523-526 527-533 534-534 535-535 536-537 538-540 541-545 546-546 547-552 553-553 554-555 556-560 561-561 562-562 563-563 564-564 565-565 566-566 567-569 570-570 571-572 573-573 574-585 586-587 588-588 589-590 591-591 592-593 594-594 595-598 599-602 603-603 604-604 605-609 610-610 611-611 612-612 613-613 614-614 615-615 616-617 618-618 619-619 620-628 629-632 633-633 634-635 636-636 637-639 640-640 641-642 643-643 644-646 647-649 650-650 651-658 659-659 660-660 661-661 662-662 663-667 668-668 669-670 671-671 672-672 673-677 678-678 679-679 680-684 685-685 686-686 687-690 691-691 692-692 693-695 696-697 698-698 699-700 701-701 702-705 706-708 709-709 710-713 714-715 716-716 717-717 718-721 722-722 723-724 725-725 726-728 729-729 730-730 731-736 737-737 738-741 742-742 743-743 744-746 747-753 754-754 755-755 756-756 757-757 758-758 759-759 760-763 764-764 765-766 767-768 769-770 771-773 774-774 775-775 776-776 777-777 778-778 779-784 785-788 789-789 790-791 792-792 793-798 799-801 802-806 807-808 809-809 810-813 814-815 816-816 817-817 818-818 819-820 821-821 822-822 823-824 825-825 826-826 827-827 828-828 829-830 831-831 832-832 833-835 836-838 839-839 840-844 845-845 846-846 847-847 848-848 849-853 854-854 855-856 857-857 858-860 861-862 863-863 864-864 865-866 867-868 869-874 875-875 876-876 877-877 878-878 879-884 885-885 886-886 887-890 891-894 895-895 896-896 897-902 903-903 904-906 907-907 908-912 913-913 914-917 918-918 919-923 924-933 934-934 935-935 936-936 937-942 943-943 944-945 946-946 947-948 949-951 952-952 953-953 954-954 955-956 957-957 958-958 959-959 960-964 965-966 967-967 968-969 970-970 971-974 975-975 976-977 978-978 979-983 984-990 991-994 995-995 996-996 997-1001 1002-1002 1003-1003 1004-1006 1007-1007 1008-1008 1009-1009 1010-1011 1012-1014 1015-1016 1017-1017 1018-1021 1022-1022 1023-1024 1025-1025 1026-1026 1027-1028 1029-1033 1034-1034 1035-1037 1038-1038 1039-1040 1041-1041 1042-1043 1044-1044 1045-1045 1046-1046 1047-1049 1050-1050 1051-1056 1057-1057 1058-1059 1060-1060 1061-1062 1063-1063 1064-1064 1065-1068 1069-1069 1070-1070 1071-1071 1072-1075 1076-1076 1077-1077 1078-1078 1079-1082 1083-1083 1084-1084 1085-1085 1086-1086 1087-1087 1088-1089 1090-1090 1091-1091 1092-1092 1093-1094 1095-1095 1096-1096 1097-1097 1098-1098 1099-1099 1100-1100 1101-1103 1104-1104 1105-1105 1106-1106 1107-1107 1108-1108 1109-1109 1110-1110 1111-1114 1115-1116 1117-1118 1119-1121 1122-1123 1124-1124 1125-1129 1130-1130 1131-1133 1134-1138 1139-1139 1140-1141 1142-1145 1146-1147 1148-1148 1149-1149 1150-1150 1151-1151 1152-1152 1153-1154 1155-1155 1156-1156 1157-1161 1162-1162 1163-1169 1170-1170 1171-1171 1172-1173 1174-1174 1175-1175 1176-1183 1184-1188 1189-1192 1193-1193 1194-1197 1198-1198 1199-1199 1200-1200 1201-1202 1203-1203 1204-1204 1205-1206 1207-1207 1208-1209 1210-1213 1214-1215 1216-1216 1217-1220 1221-1221 1222-1222 1223-1225 1226-1226 1227-1227 1228-1230 1231-1231 1232-1232 1233-1235 1236-1236 1237-1237 1238-1238 1239-1239 1240-1242 1243-1243 1244-1246 1247-1247 1248-1252 1253-1253 1254-1254 1255-1259 1260-1267 1268-1268 1269-1269 1270-1271 1272-1272 1273-1274 1275-1275 1276-1276 1277-1277 1278-1278 1279-1279 1280-1280 1281-1281 1282-1284 1285-1285 1286-1286 1287-1289 1290-1290 1291-1294 1295-1295 1296-1296 1297-1298 1299-1299 1300-1301 1302-1302 1303-1304 1305-1305 1306-1308 1309-1309 1310-1311 1312-1312 1313-1313 1314-1318 1319-1319 1320-1320 1321-1321 1322-1324 1325-1325 1326-1327 1328-1328 1329-1330 1331-1331 1332-1334 1335-1335 1336-1342 1343-1345 1346-1346 1347-1347 1348-1349 1350-1350 1351-1352 1353-1353 1354-1354 1355-1357 1358-1362 1363-1364 1365-1365 1366-1370 1371-1371 1372-1372 1373-1373 1374-1374 1375-1378 1379-1379 1380-1383 1384-1384 1385-1387 1388-1388 1389-1397 1398-1398 1399-1399 1400-1400 1401-1401 1402-1402 1403-1403 1404-1404 1405-1407 1408-1409 1410-1411 1412-1412 1413-1415 1416-1416 1417-1417 1418-1418 1419-1419 1420-1420 1421-1421 1422-1422 1423-1423 1424-1424 1425-1425 1426-1426 1427-1427 1428-1428 1429-1429 1430-1430 1431-1431 1432-1432 1433-1433 1434-1434 1435-1435 1436-1436 1437-1438 1439-1439 1440-1440 1441-1441 1442-1442 1443-1443 1444-1444 1445-1445 1446-1446 1447-1447 1448-1448 1449-1449 1450-1450 1451-1451 1452-1452 1453-1453 1454-1454 1455-1455 1456-1456 1457-1457 1458-1458 1459-1459 1460-1460 1461-1461 1462-1462 1463-1463 1464-1466 1467-1467 1468-1468 1469-1469 1470-1470 1471-1472 1473-1473 1474-1474 1475-1475 1476-1476 1477-1477 1478-1478 1479-1479 1480-1480 1481-1481 1482-1482 1483-1483 1484-1484 1485-1485 1486-1486 1487-1487 1488-1488 1489-1489 1490-1490 1491-1491 1492-1494 1495-1495 1496-1496 1497-1497 1498-1498 1499-1501 1502-1502 1503-1503 1504-1504 1505-1522 1523-1534 1535-1538 1539-1539 1540-1542 1543-1554 1555-1557 1558-1559 1560-1561 1562-1563 1564-1569 1570-1573 1574-1574 1575-1579 1580-1582 1583-1588 1589-1591 1592-1595 1596-1600 1601-1612 1613-1616 1617-1619 1620-1624 1625-1639 1640-1644 1645-1648 1649-1651 1652-1653 1654-1656 1657-1657 1658-1663 1664-1664 1665-1667 1668-1673 1674-1674 1675-1679 1680-1690 1691-1694 1695-1699 1700-1701 1702-1705 1706-1707 1708-1710 1711-1718 1719-1736 1737-1751 1752-1773 1774-1799 1800-1821 1822-1822 1823-1831 1832-1832 1833-1841 1842-1846 1847-1853 1854-1864 1865-1872 1873-1890 1891-1897 1898-1917 1918-1929 1930-1950 1951-1960 1961-1968 1969-1972 1973-1974 1975-1985 1986-2001 2002-2042 2043-2047 2048-2053 2054-2055 2056-2059 2060-2068 2069-2073 2074-2082 2083-2087 2088-2088 2089-2089 2090-2093 2094-2099 2100-2103 2104-2105 2106-2107 2108-2110 2111-2113 2114-2117 2118-2123 2124-2125 2126-2126 2127-2127 2128-2128 2129-2129 2130-2130 2131-2131 2132-2132 2133-2133 2134-2134 2135-2135 2136-2136 2137-2137 2138-2138 2139-2139 2140-2140 2141-2141 2142-2142 2143-2143 2144-2145 2146-2146 2147-2147 2148-2149 2150-2150 2151-2151 2152-2152 2153-2153 2154-2154 2155-2155 2156-2156 2157-2157 2158-2158 2159-2159 2160-2160 2161-2162 2163-2163 2164-2164 2165-2165 2166-2166 2167-2167 2168-2168 2169-2169 2170-2170 2171-2171 2172-2172 2173-2173 2174-2174 2175-2184 2185-2188 2189-2189 2190-2192 2193-2193 2194-2194 2195-2195 2196-2196 2197-2197 2198-2198 2199-2199 2200-2200 2201-2201 2202-2202 2203-2204 2205-2205 2206-2206 2207-2207 2208-2208 2209-2209 2210-2210 2211-2211 2212-2212 2213-2213 2214-2216 2217-2217 2218-2218 2219-2219 2220-2220 2221-2221 2222-2222 2223-2223 2224-2224 2225-2225 2226-2227 2228-2228 2229-2229 2230-2230 2231-2232 2233-2233 2234-2236 2237-2237 2238-2242 2243-2243 2244-2244 2245-2246 2247-2247 2248-2251 2252-2252 2253-2257 2258-2258 2259-2259 2260-2260 2261-2263 2264-2269 2270-2273 2274-2274 2275-2284 2285-2289 2290-2293 2294-2294 2295-2296 2297-2297 2298-2304 2305-2305 2306-2306 2307-2312 2313-2314 2315-2315 2316-2316 2317-2321 2322-2322 2323-2323 2324-2324 2325-2326 2327-2327 2328-2328 2329-2329 2330-2330 2331-2335 2336-2343 2344-2346 2347-2347 2348-2348 2349-2351 2352-2352 2353-2355 2356-2356 2357-2362 2363-2363 2364-2369 2370-2375 2376-2382 2383-2392 2393-2393 2394-2397 2398-2400 2401-2403 2404-2404 2405-2413 2414-2417 2418-2426 2427-2427 2428-2428 2429-2430 2431-2431 2432-2434 2435-2436 2437-2438 2439-2440 2441-2441 2442-2448 2449-2451 2452-2454 2455-2457 2458-2461 2462-2463 2464-2464 2465-2465 2466-2466 2467-2469 2470-2470 2471-2471 2472-2472 2473-2474 2475-2475 2476-2478 2479-2479 2480-2483 2484-2486 2487-2487 2488-2488 2489-2495 2496-2497 2498-2498 2499-2500 2501-2501 2502-2502 2503-2507 2508-2508 2509-2509 2510-2513 2514-2514 2515-2517 2518-2518 2519-2521 2522-2522 2523-2526 2527-2527 2528-2536 2537-2537 2538-2538 2539-2542 2543-2543 2544-2545 2546-2550 2551-2551 2552-2554 2555-2563 2564-2566 2567-2569 2570-2570 2571-2571 2572-2577 2578-2578 2579-2579 2580-2581 2582-2583 2584-2592 2593-2594 2595-2595 2596-2597 2598-2599 2600-2602 2603-2605 2606-2611 2612-2614 2615-2617 2618-2618 2619-2619 2620-2620 2621-2622 2623-2623 2624-2625 2626-2629 2630-2630 2631-2631 2632-2637 2638-2641 2642-2643 2644-2645 2646-2649 2650-2651 2652-2652 2653-2653 2654-2655 2656-2656 2657-2665 2666-2668 2669-2671 2672-2675 2676-2679 2680-2681 2682-2684 2685-2685 2686-2687 2688-2689 2690-2690 2691-2700 2701-2703 2704-2704 2705-2710 2711-2712 2713-2713 2714-2715 2716-2722 2723-2725 2726-2729 2730-2735 2736-2744 2745-2748 2749-2750 2751-2755 2756-2756 2757-2757 2758-2763 2764-2769 2770-2773 2774-2774 2775-2778 2779-2785 2786-2792 2793-2795 2796-2797 2798-2798 2799-2804 2805-2806 2807-2807 2808-2811 2812-2813 2814-2816 2817-2826 2827-2832 2833-2833 2834-2836 2837-2839 2840-2841 2842-2842 2843-2847 2848-2852 2853-2854 2855-2855 2856-2857 2858-2858 2859-2860 2861-2861 2862-2863 2864-2869 2870-2870 2871-2871 2872-2872 2873-2884 2885-2888 2889-2892 2893-2893 2894-2901 2902-2902 2903-2903 2904-2912 2913-2917 2918-2919 2920-2925 2926-2926 2927-2933 2934-2934 2935-2938 2939-2941 2942-2944 2945-2945 2946-2946 2947-2951 2952-2952 2953-2954 2955-2955 2956-2962 2963-2963 2964-2964 2965-2965 2966-2966 2967-2967 2968-2970 2971-2971 2972-2976 2977-2977 2978-2978 2979-2979 2980-2980 2981-2981 2982-2984 2985-2985 2986-2989 2990-2990 2991-2993 2994-2994 2995-2995 2996-2996 2997-2997 2998-2999 3000-3002 3003-3003 3004-3004 3005-3005 3006-3007 3008-3008 3009-3018 3019-3019 3020-3024 3025-3025 3026-3026 3027-3029 3030-3030 3031-3031 3032-3032 3033-3033 3034-3034 3035-3035 3036-3036 3037-3041 3042-3042 3043-3044 3045-3045 3046-3046 3047-3047 3048-3048 3049-3049 3050-3051 3052-3052 3053-3053 3054-3054 3055-3055 3056-3057 3058-3058 3059-3059 3060-3062 3063-3063 3064-3064 3065-3065 3066-3066 3067-3067 3068-3068 3069-3069 3070-3071 3072-3072 3073-3073 3074-3074 3075-3076 3077-3077 3078-3079 3080-3080 3081-3081 3082-3084 3085-3085 3086-3086 3087-3087 3088-3088 3089-3090 3091-3091 3092-3092 3093-3094 3095-3095 3096-3096 3097-3097 3098-3098 3099-3101 3102-3102 3103-3103 3104-3104 3105-3105 3106-3106 3107-3107 3108-3110 3111-3111 3112-3112 3113-3113 3114-3117 3118-3119 3120-3120 3121-3121 3122-3125 3126-3126 3127-3130 3131-3131 3132-3133 3134-3134 3135-3135 3136-3136 3137-3137 3138-3141 3142-3142 3143-3143 3144-3146 3147-3147 3148-3150 3151-3151 3152-3152 3153-3153 3154-3154 3155-3155 3156-3156 3157-3157 3158-3158 3159-3159 3160-3160 3161-3165 3166-3166 3167-3169 3170-3170 3171-3173 3174-3174 3175-3175 3176-3176 3177-3178 3179-3179 3180-3184 3185-3185 3186-3187 3188-3188 3189-3191 3192-3192 3193-3197 3198-3198 3199-3200 3201-3201 3202-3202 3203-3203 3204-3204 3205-3207 3208-3209 3210-3210 3211-3213 3214-3214 3215-3215 3216-3219 3220-3220 3221-3221 3222-3222 3223-3223 3224-3226 3227-3229 3230-3234 3235-3235 3236-3236 3237-3237 3238-3238 3239-3239 3240-3240 3241-3241 3242-3242 3243-3243 3244-3247 3248-3248 3249-3250 3251-3251 3252-3252 3253-3253 3254-3254 3255-3256 3257-3257 3258-3260 3261-3261 3262-3264 3265-3265 3266-3266 3267-3268 3269-3269 3270-3270 3271-3271 3272-3273 3274-3274 3275-3276 3277-3277 3278-3280 3281-3281 3282-3282 3283-3283 3284-3284 3285-3290 3291-3291 3292-3293 3294-3294 3295-3295 3296-3296 3297-3297 3298-3299 3300-3300 3301-3302 3303-3303 3304-3305 3306-3306 3307-3310 3311-3311 3312-3312 3313-3313 3314-3315 3316-3316 3317-3317 3318-3326 3327-3327 3328-3336 3337-3337 3338-3338 3339-3339 3340-3340 3341-3341 3342-3342 3343-3346 3347-3347 3348-3348 3349-3351 3352-3352 3353-3353 3354-3354 3355-3355 3356-3358 3359-3359 3360-3360 3361-3361 3362-3362 3363-3363 3364-3364 3365-3365 3366-3366 3367-3367 3368-3368 3369-3369 3370-3370 3371-3371 3372-3376 3377-3377 3378-3378 3379-3382 3383-3383 3384-3386 3387-3387 3388-3390 3391-3391 3392-3392 3393-3395 3396-3396 3397-3397 3398-3398 3399-3399 3400-3400 3401-3401 3402-3402 3403-3403 3404-3404 3405-3406 3407-3407 3408-3408 3409-3409 3410-3410 3411-3411 3412-3412 3413-3418 3419-3419 3420-3420 3421-3421 3422-3423 3424-3424 3425-3425 3426-3429 3430-3430 3431-3431 3432-3432 3433-3433 3434-3434 3435-3437 3438-3438 3439-3439 3440-3440 3441-3441 3442-3442 3443-3443 3444-3444 3445-3445 3446-3446 3447-3449 3450-3450 3451-3451 3452-3452 3453-3455 3456-3456 3457-3457 3458-3458 3459-3461 3462-3462 3463-3463 3464-3467 3468-3468 3469-3472 3473-3473 3474-3477 3478-3478 3479-3479 3480-3486 3487-3498 3499-3514 3515-3534 3535-3553 3554-3564 3565-3581 3582-3588 3589-3606 3607-3623 3624-3626 3627-3629 3630-3635 3636-3650 3651-3667 3668-3701 3702-3724 3725-3742 3743-3756 3757-3777 3778-3805 3806-3814 3815-3835 3836-3844 3845-3855 3856-3880 3881-3908 3909-3926 3927-3938 3939-3946 3947-3952 3953-3972 3973-4031 4032-4038 
stream created
Allocated for vertex start: 232
Most neighbors: 1045
Cluster size ptr: 0x7efdde000000 - 0x7efde0388884
Host cluster size ptr: 0x7efdc9c77010
stream created
Allocated for vertex start: 232
Most neighbors: 1045
Cluster size ptr: 0x7efde7000000 - 0x7efde9388884
Host cluster size ptr: 0x7efdc0e54010
Pointer vectors allocated
Pairs pointer allocated
Length pointer allocated
Number of chunks: 2794
RUN
Streams used: 2
chunk start 0
chunk end 0
last chunk start 0
last neighbor 346
Neighbor size: 347
Indexes copied
Copying 0B of data
Start of last vertex: 0
Vertex starts copied
Neighbors copied
Generation finished
Copied clusters: 60031
host cluster sizes copied
host cluster starts copied
chunk start 1
chunk end 1
last chunk start 347
last neighbor 363
Neighbor size: 17
Indexes copied
Copying 0B of data
Start of last vertex: 347
Vertex starts copied
Neighbors copied
Generation finished
Copied clusters: 136
host cluster sizes copied
host cluster starts copied
Pairs Generated
Processed clusters: 60031
Processed clusters: 136
RUN
Streams used: 2
chunk start 26
chunk end 26
last chunk start 796
last neighbor 863
Neighbor size: 68
Indexes copied
Copying 0B of data
Start of last vertex: 796
Vertex starts copied
Neighbors copied
Generation finished
Copied clusters: 2278
host cluster sizes copied
host cluster starts copied
chunk start 27
chunk end 41
last chunk start 1030
last neighbor 1053
Neighbor size: 190
Indexes copied
Copying 56B of data
Start of last vertex: 1030
Vertex starts copied
Neighbors copied
Generation finished
Copied clusters: 2000
host cluster sizes copied
host cluster starts copied
Pairs Generated
Processed clusters: 2278
Processed clusters: 2000
RUN
Streams used: 2
chunk start 68
chunk end 82
last chunk start 1590
last neighbor 1623
Neighbor size: 163
Indexes copied
Copying 56B of data
Start of last vertex: 1590
Vertex starts copied
Neighbors copied
Generation finished
Copied clusters: 1434
