Evaluating file ../new_fb_full.txt
Generating chunks
0-0 1-1 2-21 22-25 26-26 27-41 42-56 57-67 68-82 83-107 108-108 109-119 120-126 127-136 137-137 138-170 171-186 187-200 201-213 214-239 240-252 253-271 272-277 278-285 286-304 305-315 316-322 323-325 326-343 344-348 349-349 350-353 354-354 355-363 364-364 365-366 367-367 368-373 374-374 375-376 377-377 378-389 390-394 395-397 398-400 401-402 403-408 409-412 413-413 414-414 415-415 416-419 420-422 423-428 429-429 430-432 433-438 439-444 445-456 457-460 461-463 464-469 470-475 476-476 477-483 484-484 485-485 486-493 494-497 498-500 501-503 504-506 507-507 508-513 514-514 515-517 518-518 519-524 525-525 526-526 527-527 528-538 539-542 543-545 546-553 554-555 556-559 560-561 562-563 564-564 565-567 568-579 580-580 581-584 585-599 600-606 607-609 610-630 631-637 638-638 639-651 652-659 660-683 684-686 687-687 688-696 697-701 702-708 709-719 720-727 728-745 746-752 753-772 773-784 785-805 806-815 816-823 824-827 828-829 830-840 841-856 857-896 897-897 898-902 903-906 907-913 914-916 917-917 918-918 919-921 922-922 923-925 926-926 927-930 931-934 935-938 939-942 943-946 947-947 948-948 949-952 953-953 954-954 955-959 960-960 961-961 962-966 967-967 968-968 969-977 978-978 979-979 980-980 981-981 982-983 984-989 990-993 994-994 995-997 998-998 999-1003 1004-1004 1005-1005 1006-1006 1007-1007 1008-1014 1015-1015 1016-1017 1018-1018 1019-1020 1021-1024 1025-1026 1027-1028 1029-1029 1030-1032 1033-1036 1037-1040 1041-1047 1048-1048 1049-1049 1050-1051 1052-1054 1055-1059 1060-1060 1061-1066 1067-1067 1068-1069 1070-1074 1075-1075 1076-1076 1077-1077 1078-1078 1079-1079 1080-1080 1081-1083 1084-1084 1085-1086 1087-1087 1088-1099 1100-1101 1102-1102 1103-1104 1105-1105 1106-1107 1108-1108 1109-1112 1113-1116 1117-1117 1118-1118 1119-1123 1124-1124 1125-1125 1126-1126 1127-1127 1128-1128 1129-1129 1130-1131 1132-1132 1133-1133 1134-1142 1143-1146 1147-1147 1148-1149 1150-1150 1151-1153 1154-1154 1155-1156 1157-1157 1158-1160 1161-1163 1164-1164 1165-1172 1173-1173 1174-1174 1175-1175 1176-1176 1177-1181 1182-1182 1183-1184 1185-1185 1186-1186 1187-1191 1192-1192 1193-1193 1194-1198 1199-1199 1200-1200 1201-1204 1205-1205 1206-1206 1207-1209 1210-1211 1212-1212 1213-1214 1215-1215 1216-1219 1220-1222 1223-1223 1224-1227 1228-1229 1230-1230 1231-1231 1232-1235 1236-1236 1237-1238 1239-1239 1240-1242 1243-1243 1244-1244 1245-1250 1251-1251 1252-1255 1256-1256 1257-1257 1258-1260 1261-1267 1268-1268 1269-1269 1270-1270 1271-1271 1272-1272 1273-1273 1274-1277 1278-1278 1279-1280 1281-1282 1283-1284 1285-1287 1288-1288 1289-1289 1290-1290 1291-1291 1292-1292 1293-1298 1299-1302 1303-1303 1304-1305 1306-1306 1307-1312 1313-1315 1316-1320 1321-1322 1323-1323 1324-1327 1328-1329 1330-1330 1331-1331 1332-1332 1333-1334 1335-1335 1336-1336 1337-1338 1339-1339 1340-1340 1341-1341 1342-1342 1343-1344 1345-1345 1346-1346 1347-1349 1350-1352 1353-1353 1354-1358 1359-1359 1360-1360 1361-1361 1362-1362 1363-1367 1368-1368 1369-1370 1371-1371 1372-1374 1375-1376 1377-1377 1378-1378 1379-1380 1381-1382 1383-1388 1389-1389 1390-1390 1391-1391 1392-1392 1393-1398 1399-1399 1400-1400 1401-1404 1405-1408 1409-1409 1410-1410 1411-1416 1417-1417 1418-1420 1421-1421 1422-1426 1427-1427 1428-1431 1432-1432 1433-1437 1438-1447 1448-1448 1449-1449 1450-1450 1451-1456 1457-1457 1458-1459 1460-1460 1461-1462 1463-1465 1466-1466 1467-1467 1468-1468 1469-1470 1471-1471 1472-1472 1473-1473 1474-1478 1479-1480 1481-1481 1482-1483 1484-1484 1485-1488 1489-1489 1490-1491 1492-1492 1493-1497 1498-1504 1505-1508 1509-1509 1510-1510 1511-1515 1516-1516 1517-1517 1518-1520 1521-1521 1522-1522 1523-1523 1524-1525 1526-1528 1529-1530 1531-1531 1532-1535 1536-1536 1537-1538 1539-1539 1540-1540 1541-1542 1543-1547 1548-1548 1549-1551 1552-1552 1553-1554 1555-1555 1556-1557 1558-1558 1559-1559 1560-1560 1561-1563 1564-1564 1565-1570 1571-1571 1572-1573 1574-1574 1575-1576 1577-1577 1578-1578 1579-1582 1583-1583 1584-1584 1585-1585 1586-1589 1590-1590 1591-1591 1592-1592 1593-1596 1597-1597 1598-1598 1599-1599 1600-1600 1601-1601 1602-1603 1604-1604 1605-1605 1606-1606 1607-1608 1609-1609 1610-1610 1611-1611 1612-1612 1613-1613 1614-1614 1615-1617 1618-1618 1619-1619 1620-1620 1621-1621 1622-1622 1623-1623 1624-1624 1625-1628 1629-1630 1631-1632 1633-1635 1636-1637 1638-1638 1639-1643 1644-1644 1645-1647 1648-1652 1653-1653 1654-1655 1656-1659 1660-1661 1662-1662 1663-1663 1664-1664 1665-1665 1666-1666 1667-1668 1669-1669 1670-1670 1671-1675 1676-1676 1677-1683 1684-1684 1685-1685 1686-1686 1687-1688 1689-1689 1690-1690 1691-1698 1699-1703 1704-1707 1708-1708 1709-1712 1713-1713 1714-1714 1715-1715 1716-1717 1718-1718 1719-1719 1720-1721 1722-1722 1723-1724 1725-1728 1729-1730 1731-1731 1732-1735 1736-1736 1737-1737 1738-1740 1741-1741 1742-1742 1743-1745 1746-1746 1747-1747 1748-1750 1751-1751 1752-1752 1753-1753 1754-1754 1755-1757 1758-1758 1759-1761 1762-1762 1763-1767 1768-1768 1769-1769 1770-1774 1775-1782 1783-1783 1784-1784 1785-1786 1787-1787 1788-1789 1790-1790 1791-1791 1792-1792 1793-1793 1794-1794 1795-1795 1796-1796 1797-1799 1800-1800 1801-1801 1802-1804 1805-1805 1806-1809 1810-1810 1811-1811 1812-1813 1814-1814 1815-1816 1817-1817 1818-1819 1820-1820 1821-1823 1824-1824 1825-1826 1827-1827 1828-1828 1829-1833 1834-1834 1835-1835 1836-1836 1837-1839 1840-1840 1841-1842 1843-1843 1844-1845 1846-1846 1847-1849 1850-1850 1851-1857 1858-1860 1861-1861 1862-1862 1863-1864 1865-1865 1866-1867 1868-1868 1869-1869 1870-1872 1873-1877 1878-1879 1880-1880 1881-1885 1886-1886 1887-1887 1888-1888 1889-1889 1890-1893 1894-1894 1895-1898 1899-1899 1900-1902 1903-1903 1904-1912 1913-1913 1914-1916 1917-1917 1918-1918 1919-1919 1920-1920 1921-1921 1922-1925 1926-1926 1927-1927 1928-1929 1930-1930 1931-1932 1933-1933 1934-1938 1939-1939 1940-1940 1941-1941 1942-1942 1943-1943 1944-1944 1945-1945 1946-1946 1947-1947 1948-1948 1949-1949 1950-1953 1954-1954 1955-1955 1956-1956 1957-1959 1960-1960 1961-1962 1963-1963 1964-1964 1965-1965 1966-1966 1967-1967 1968-1971 1972-1972 1973-1973 1974-1979 1980-1980 1981-1983 1984-1984 1985-1985 1986-1986 1987-1987 1988-1989 1990-1991 1992-1993 1994-1994 1995-1997 1998-1998 1999-2001 2002-2002 2003-2003 2004-2005 2006-2006 2007-2007 2008-2008 2009-2010 2011-2011 2012-2020 2021-2021 2022-2026 2027-2027 2028-2028 2029-2029 2030-2030 2031-2031 2032-2032 2033-2033 2034-2034 2035-2037 2038-2038 2039-2039 2040-2040 2041-2041 2042-2042 2043-2043 2044-2044 2045-2045 2046-2046 2047-2047 2048-2048 2049-2052 2053-2053 2054-2054 2055-2055 2056-2056 2057-2057 2058-2059 2060-2060 2061-2061 2062-2063 2064-2064 2065-2065 2066-2068 2069-2069 2070-2070 2071-2071 2072-2072 2073-2073 2074-2074 2075-2075 2076-2077 2078-2078 2079-2079 2080-2081 2082-2082 2083-2083 2084-2084 2085-2085 2086-2086 2087-2087 2088-2088 2089-2089 2090-2090 2091-2091 2092-2093 2094-2094 2095-2095 2096-2096 2097-2098 2099-2099 2100-2102 2103-2103 2104-2104 2105-2105 2106-2108 2109-2109 2110-2110 2111-2111 2112-2112 2113-2113 2114-2115 2116-2116 2117-2117 2118-2118 2119-2119 2120-2121 2122-2122 2123-2123 2124-2124 2125-2125 2126-2126 2127-2127 2128-2128 2129-2129 2130-2131 2132-2132 2133-2133 2134-2134 2135-2135 2136-2136 2137-2138 2139-2139 2140-2140 2141-2141 2142-2142 2143-2143 2144-2144 2145-2146 2147-2148 2149-2149 2150-2150 2151-2151 2152-2153 2154-2154 2155-2155 2156-2161 2162-2164 2165-2165 2166-2166 2167-2169 2170-2170 2171-2172 2173-2173 2174-2174 2175-2175 2176-2176 2177-2177 2178-2179 2180-2180 2181-2181 2182-2183 2184-2184 2185-2185 2186-2187 2188-2188 2189-2189 2190-2190 2191-2191 2192-2192 2193-2194 2195-2195 2196-2196 2197-2197 2198-2199 2200-2200 2201-2201 2202-2202 2203-2203 2204-2204 2205-2206 2207-2207 2208-2210 2211-2211 2212-2212 2213-2213 2214-2214 2215-2216 2217-2217 2218-2218 2219-2219 2220-2220 2221-2221 2222-2223 2224-2224 2225-2225 2226-2229 2230-2230 2231-2233 2234-2234 2235-2237 2238-2238 2239-2240 2241-2241 2242-2242 2243-2244 2245-2245 2246-2246 2247-2247 2248-2248 2249-2250 2251-2251 2252-2253 2254-2254 2255-2257 2258-2258 2259-2261 2262-2262 2263-2266 2267-2267 2268-2268 2269-2269 2270-2271 2272-2272 2273-2273 2274-2274 2275-2275 2276-2276 2277-2277 2278-2278 2279-2279 2280-2280 2281-2282 2283-2283 2284-2284 2285-2287 2288-2289 2290-2290 2291-2291 2292-2292 2293-2293 2294-2294 2295-2295 2296-2299 2300-2300 2301-2301 2302-2302 2303-2303 2304-2306 2307-2307 2308-2308 2309-2309 2310-2310 2311-2313 2314-2315 2316-2319 2320-2320 2321-2323 2324-2324 2325-2325 2326-2326 2327-2327 2328-2328 2329-2329 2330-2330 2331-2331 2332-2332 2333-2333 2334-2334 2335-2335 2336-2336 2337-2337 2338-2338 2339-2339 2340-2340 2341-2341 2342-2344 2345-2345 2346-2347 2348-2348 2349-2349 2350-2351 2352-2352 2353-2353 2354-2354 2355-2355 2356-2356 2357-2357 2358-2359 2360-2360 2361-2363 2364-2364 2365-2366 2367-2368 2369-2369 2370-2370 2371-2371 2372-2372 2373-2373 2374-2374 2375-2375 2376-2376 2377-2377 2378-2378 2379-2381 2382-2382 2383-2384 2385-2385 2386-2386 2387-2387 2388-2391 2392-2392 2393-2393 2394-2394 2395-2395 2396-2396 2397-2398 2399-2399 2400-2404 2405-2405 2406-2407 2408-2408 2409-2409 2410-2410 2411-2411 2412-2414 2415-2415 2416-2418 2419-2419 2420-2420 2421-2423 2424-2424 2425-2428 2429-2429 2430-2430 2431-2431 2432-2433 2434-2434 2435-2435 2436-2436 2437-2437 2438-2445 2446-2446 2447-2447 2448-2451 2452-2452 2453-2458 2459-2459 2460-2460 2461-2461 2462-2462 2463-2463 2464-2464 2465-2465 2466-2467 2468-2468 2469-2469 2470-2470 2471-2471 2472-2472 2473-2473 2474-2475 2476-2476 2477-2477 2478-2478 2479-2479 2480-2482 2483-2483 2484-2484 2485-2485 2486-2486 2487-2489 2490-2490 2491-2491 2492-2492 2493-2493 2494-2495 2496-2496 2497-2498 2499-2499 2500-2500 2501-2501 2502-2504 2505-2505 2506-2506 2507-2507 2508-2508 2509-2509 2510-2510 2511-2511 2512-2512 2513-2513 2514-2518 2519-2520 2521-2521 2522-2522 2523-2526 2527-2527 2528-2532 2533-2533 2534-2534 2535-2537 2538-2538 2539-2539 2540-2540 2541-2542 2543-2543 2544-2544 2545-2546 2547-2547 2548-2549 2550-2550 2551-2551 2552-2552 2553-2553 2554-2554 2555-2555 2556-2556 2557-2557 2558-2559 2560-2560 2561-2561 2562-2562 2563-2563 2564-2564 2565-2565 2566-2567 2568-2568 2569-2573 2574-2574 2575-2575 2576-2576 2577-2578 2579-2579 2580-2580 2581-2582 2583-2583 2584-2586 2587-2587 2588-2588 2589-2589 2590-2590 2591-2591 2592-2592 2593-2593 2594-2594 2595-2595 2596-2597 2598-2598 2599-2599 2600-2600 2601-2601 2602-2602 2603-2603 2604-2604 2605-2605 2606-2607 2608-2608 2609-2609 2610-2611 2612-2612 2613-2615 2616-2616 2617-2617 2618-2618 2619-2619 2620-2620 2621-2623 2624-2624 2625-2625 2626-2626 2627-2629 2630-2630 2631-2631 2632-2632 2633-2638 2639-2639 2640-2642 2643-2643 2644-2644 2645-2646 2647-2647 2648-2649 2650-2650 2651-2654 2655-2655 2656-2656 2657-2660 2661-2661 2662-2662 2663-2664 2665-2665 2666-2669 2670-2670 2671-2675 2676-2676 2677-2679 2680-2680 2681-2683 2684-2689 2690-2694 2695-2695 2696-2706 2707-2712 2713-2716 2717-2717 2718-2719 2720-2720 2721-2728 2729-2730 2731-2731 2732-2738 2739-2741 2742-2742 2743-2743 2744-2748 2749-2749 2750-2750 2751-2751 2752-2754 2755-2755 2756-2756 2757-2757 2758-2758 2759-2764 2765-2773 2774-2777 2778-2778 2779-2779 2780-2782 2783-2783 2784-2786 2787-2787 2788-2793 2794-2794 2795-2800 2801-2806 2807-2815 2816-2827 2828-2828 2829-2832 2833-2835 2836-2839 2840-2840 2841-2849 2850-2853 2854-2862 2863-2863 2864-2864 2865-2866 2867-2867 2868-2869 2870-2872 2873-2873 2874-2875 2876-2877 2878-2878 2879-2887 2888-2890 2891-2892 2893-2897 2898-2901 2902-2904 2905-2905 2906-2906 2907-2907 2908-2910 2911-2911 2912-2912 2913-2913 2914-2915 2916-2916 2917-2919 2920-2920 2921-2924 2925-2927 2928-2928 2929-2929 2930-2936 2937-2939 2940-2940 2941-2943 2944-2944 2945-2945 2946-2950 2951-2951 2952-2952 2953-2956 2957-2957 2958-2960 2961-2961 2962-2966 2967-2967 2968-2973 2974-2974 2975-2984 2985-2986 2987-2987 2988-2991 2992-2992 2993-2994 2995-3000 3001-3001 3002-3004 3005-3011 3012-3017 3018-3019 3020-3021 3022-3022 3023-3025 3026-3026 3027-3027 3028-3033 3034-3034 3035-3035 3036-3036 3037-3038 3039-3040 3041-3049 3050-3051 3052-3052 3053-3054 3055-3056 3057-3060 3061-3064 3065-3070 3071-3073 3074-3076 3077-3077 3078-3078 3079-3079 3080-3082 3083-3083 3084-3085 3086-3089 3090-3090 3091-3091 3092-3098 3099-3101 3102-3102 3103-3104 3105-3106 3107-3108 3109-3113 3114-3115 3116-3116 3117-3117 3118-3119 3120-3120 3121-3129 3130-3132 3133-3135 3136-3140 3141-3144 3145-3146 3147-3149 3150-3150 3151-3152 3153-3154 3155-3155 3156-3166 3167-3170 3171-3174 3175-3178 3179-3182 3183-3184 3185-3185 3186-3188 3189-3195 3196-3198 3199-3201 3202-3202 3203-3209 3210-3215 3216-3224 3225-3226 3227-3231 3232-3232 3233-3233 3234-3239 3240-3241 3242-3250 3251-3252 3253-3253 3254-3257 3258-3261 3262-3265 3266-3272 3273-3277 3278-3280 3281-3281 3282-3287 3288-3291 3292-3292 3293-3297 3298-3299 3300-3302 3303-3311 3312-3320 3321-3321 3322-3324 3325-3327 3328-3330 3331-3331 3332-3335 3336-3339 3340-3342 3343-3344 3345-3345 3346-3347 3348-3348 3349-3350 3351-3351 3352-3353 3354-3360 3361-3362 3363-3363 3364-3364 3365-3366 3367-3378 3379-3384 3385-3387 3388-3388 3389-3396 3397-3397 3398-3398 3399-3406 3407-3411 3412-3416 3417-3417 3418-3419 3420-3426 3427-3427 3428-3434 3435-3435 3436-3437 3438-3438 3439-3450 3451-3465 3466-3486 3487-3497 3498-3509 3510-3521 3522-3529 3530-3545 3546-3553 3554-3571 3572-3584 3585-3595 3596-3599 3600-3605 3606-3617 3618-3633 3634-3642 3643-3672 3673-3680 3681-3690 3691-3707 3708-3728 3729-3739 3740-3758 3759-3784 3785-3797 3798-3810 3811-3828 3829-3830 3831-3831 3832-3842 3843-3860 3861-3877 3878-3900 3901-3918 3919-3930 3931-3938 3939-3945 3946-3960 3961-3971 3972-4019 4020-4038 
stream created
Allocated for vertex start: 188
Most neighbors: 1045
Cluster size ptr: 0x7feb96000000 - 0x7feb98388884
Host cluster size ptr: 0x7feb81c77010
stream created
Allocated for vertex start: 188
Most neighbors: 1045
Cluster size ptr: 0x7feb9f000000 - 0x7feba1388884
Host cluster size ptr: 0x7feb78e54010
Pointer vectors allocated
Pairs pointer allocated
Length pointer allocated
Number of chunks: 2802
RUN
Streams used: 2
chunk start 0
chunk end 0
last chunk start 0
last neighbor 346
Neighbor size: 347
Indexes copied
Copying 0B of data
Start of last vertex: 0
Vertex starts copied
Neighbors copied
Generation finished
Copied clusters: 60031
host cluster sizes copied
host cluster starts copied
chunk start 1
chunk end 1
last chunk start 347
last neighbor 363
Neighbor size: 17
Indexes copied
Copying 0B of data
Start of last vertex: 347
Vertex starts copied
Neighbors copied
Generation finished
Copied clusters: 136
host cluster sizes copied
host cluster starts copied
Pairs Generated
Processed clusters: 60031
Processed clusters: 136
RUN
Streams used: 2
chunk start 26
chunk end 26
last chunk start 796
last neighbor 863
Neighbor size: 68
Indexes copied
Copying 0B of data
Start of last vertex: 796
Vertex starts copied
Neighbors copied
Generation finished
Copied clusters: 2278
host cluster sizes copied
host cluster starts copied
chunk start 27
chunk end 41
last chunk start 1030
last neighbor 1053
Neighbor size: 190
Indexes copied
Copying 56B of data
Start of last vertex: 1030
Vertex starts copied
Neighbors copied
Generation finished
Copied clusters: 2000
host cluster sizes copied
host cluster starts copied
Pairs Generated
Processed clusters: 2278
Processed clusters: 2000
RUN
Streams used: 2
chunk start 68
chunk end 82
last chunk start 1590
last neighbor 1623
Neighbor size: 163
Indexes copied
Copying 56B of data
Start of last vertex: 1590
Vertex starts copied
Neighbors copied
Generation finished
Copied clusters: 1434
