Evaluating file ../../test_edgelist.txt
Skipping edge 25 - 25
Skipping edge 27 - 27
Skipping edge 30 - 30
Skipping edge 31 - 31
Skipping edge 32 - 32
Skipping edge 34 - 34
Skipping edge 37 - 37
Skipping edge 63 - 63
Skipping edge 65 - 65
Skipping edge 78 - 78
Skipping edge 95 - 95
Skipping edge 101 - 101
Skipping edge 107 - 107
Skipping edge 109 - 109
Skipping edge 125 - 125
Skipping edge 144 - 144
Generating chunks
0-28 29-37 38-107 108-153 
stream created
Allocated for vertex start: 276
Most neighbors: 175
stream created
Allocated for vertex start: 276
Most neighbors: 175
Pointer vectors allocated
Pairs pointer allocated
Length pointer allocated
Number of chunks: 8
Computing chunk 1 of 8
Streams used: 2
Neighbor size: 159
Indexes copied
Copying 116B of data
Start of last vertex: 148
Vertex starts copied
Neighbors copied
0: 0
1: 5
2: 10
3: 15
4: 20
5: 26
6: 30
7: 35
8: 40
9: 45
10: 49
11: 53
12: 57
13: 60
14: 63
15: 68
16: 72
17: 77
18: 80
19: 86
20: 90
21: 94
22: 98
23: 100
24: 101
25: 104
26: 116
27: 131
28: 148
Normalized index: 120
Normalized index: 76
Normalized index: 35
Normalized index: 15
Generation finished
Copieeed clusters: 543
host cluster sizes copied
host cluster starts copied
Neighbor size: 83
Indexes copied
Copying 36B of data
Start of last vertex: 233
Vertex starts copied
Neighbors copied
0: 159
1: 164
2: 174
3: 181
4: 200
5: 206
6: 225
7: 231
8: 233
Normalized index: 45
Normalized index: 25
Normalized index: 15
Generation finished
Copieeed clusters: 485
host cluster sizes copied
host cluster starts copied
Pairs Generated
Computing chunk 5 of 8
Streams used: 2
Neighbor size: -482
Indexes copied
Error!
Last Error: cudaErrorInvalidValue
Details: invalid argument
