Evaluating file ../../test_edgelist.txt
Generating chunks
0-153 
stream created
Allocated for vertex start: 616
Most neighbors: 508
Cluster size ptr: 0x7faa63e01000 - 0x7faa63e02b80
Host cluster size ptr: 0x2a585b0
stream created
Allocated for vertex start: 616
Most neighbors: 508
Cluster size ptr: 0x7faa63e09000 - 0x7faa63e0ab80
Host cluster size ptr: 0x2a6b7f0
Pointer vectors allocated
Pairs pointer allocated
Length pointer allocated
Number of chunks: 2
RUN
Streams used: 1
Indexes copied
Copying 612B of data
Vertex starts copied
Neighbors copied
Generation finished
Copied clusters: 1760
Cluster of size 17 for nodes 71-151-27
Cluster of size 30 for nodes 77-151-27
Cluster of size 17 for nodes 85-151-27
Cluster of size 28 for nodes 107-151-27
Cluster of size 16 for nodes 131-151-27
Cluster of size 18 for nodes 24-151-27
Cluster of size 28 for nodes 25-151-27
Cluster of size 30 for nodes 26-151-27
Cluster of size 33 for nodes 27-151-27
Cluster of size 26 for nodes 28-151-27
Cluster of size 20 for nodes 29-151-27
Cluster of size 26 for nodes 30-151-27
Cluster of size 21 for nodes 35-151-27
Cluster of size 25 for nodes 37-151-27
Cluster of size 18 for nodes 38-151-27
Cluster of size 23 for nodes 41-151-27
Cluster of size 20 for nodes 60-151-27
host cluster sizes copied
host cluster starts copied
Pairs Generated
Processed clusters: 1760
i: 2003, Cluster size:18 total: 394
i: 2007, Cluster size:28 total: 394
i: 2011, Cluster size:30 total: 394
i: 2015, Cluster size:31 total: 394
i: 2019, Cluster size:26 total: 394
i: 2023, Cluster size:20 total: 394
i: 2027, Cluster size:26 total: 394
i: 2031, Cluster size:21 total: 394
i: 2035, Cluster size:25 total: 394
i: 2039, Cluster size:18 total: 394
i: 2043, Cluster size:23 total: 394
i: 2047, Cluster size:20 total: 394
i: 2051, Cluster size:17 total: 394
i: 2055, Cluster size:30 total: 394
i: 2059, Cluster size:17 total: 394
i: 2063, Cluster size:28 total: 394
i: 2067, Cluster size:16 total: 394
end
Clusters total: 7040, array_size: 4096
Ratio: 1, ceil: 2
Computing normalized force in 2 chunks
Copying elements 0 to 4096
Copying elements 4096 to 7040
151


151


151


151


151


151


151


151


151


151


151


151


151


151


151


151


151


Normalized sizes counted, freeing cuda arrays: 2
Input and output pointers deleted
CUDA pointers deallocated
Starting summation of normalized edges

0: 3.70926
1: 3.59105
2: 3.5363
3: 3.68178
4: 3.9853
5: 3.32372
6: 3.68178
7: 3.68083
8: 3.68083
9: 3.24452
10: 3.16383
11: 3.20338
12: 2.65975
13: 2.65975
14: 3.55442
15: 3.17555
16: 3.60239
17: 2.81763
18: 3.81824
19: 3.2008
20: 3.1623
21: 3.28006
22: 2.2926
23: 1.60395
24: 3.85049
25: 5.30622
26: 5.54216
27: 6.03791
28: 5.39791
29: 4.13376
30: 5.33181
31: 4.72546
32: 6.24649
33: 4.30573
34: 6.25349
35: 4.6243
36: 3.05756
37: 4.8196
38: 3.95098
39: 0
40: 2.56012
41: 4.31904
42: 2.94624
43: 2.70566
44: 1.79927
45: 1.79927
46: 1.79927
47: 2.33938
48: 2.91961
49: 2.91961
50: 2.91961
51: 2.91961
52: 4.59089
53: 2.91961
54: 4.28904
55: 3.44864
56: 2.92141
57: 2.92141
58: 2.92141
59: 1.84179
60: 3.92081
61: 1.84179
62: 4.60888
63: 3.62693
64: 1.69505
65: 5.7063
66: 2.64658
67: 2.64658
68: 2.64658
69: 2.64658
70: 2.64658
71: 3.48464
72: 2.64658
73: 2.64658
74: 2.64658
75: 2.64658
76: 1.54322
77: 5.54029
78: 5.42685
79: 3.13219
80: 3.13219
81: 2.55893
82: 2.55893
83: 2.55893
84: 2.55893
85: 3.44951
86: 2.55893
87: 2.55893
88: 2.55893
89: 2.55893
90: 2.40311
91: 2.40311
92: 2.40311
93: 2.99888
94: 2.40311
95: 3.51644
96: 1.57888
97: 1.57888
98: 1.57888
99: 1.57888
100: 1.57888
101: 4.82164
102: 3.88681
103: 2.08418
104: 3.06171
105: 2.08418
106: 2.08418
107: 5.32515
108: 3.12724
109: 3.14573
110: 2.42397
111: 2.42397
112: 3.38099
113: 1.05791
114: 3.39843
115: 1.32778
116: 1.32778
117: 2.59361
118: 2.59361
119: 3.21632
120: 2.59361
121: 2.59361
122: 2.59361
123: 2.59361
124: 2.59361
125: 4.80801
126: 1.9307
127: 1.9307
128: 1.9307
129: 1.06215
130: 0.818808
131: 2.80974
132: 2.06902
133: 2.06902
134: 2.06902
135: 2.06902
136: 2.06902
137: 2.41765
138: 2.41765
139: 2.41765
140: 2.41765
141: 2.41765
142: 2.41765
143: 2.41765
144: 3.60672
145: 1.57082
146: 1.57082
147: 1.57082
148: 1.33529
149: 0.693147
150: 0
151: 2.80974
152: 2.46818
153: 1.18298
