Evaluating file ../../test_edgelist.txt
Skipping edge 25 - 25
Skipping edge 27 - 27
Skipping edge 30 - 30
Skipping edge 31 - 31
Skipping edge 32 - 32
Skipping edge 34 - 34
Skipping edge 37 - 37
Skipping edge 63 - 63
Skipping edge 65 - 65
Skipping edge 78 - 78
Skipping edge 95 - 95
Skipping edge 101 - 101
Skipping edge 107 - 107
Skipping edge 109 - 109
Skipping edge 125 - 125
Skipping edge 144 - 144
Generating chunks
0-28 29-37 38-107 108-153 
stream created
Allocating 276B of data for vertex_start_ptr
Allocated for vertex start: 276
Most neighbors: 175
stream created
Allocating 276B of data for vertex_start_ptr
Allocated for vertex start: 276
Most neighbors: 175
Pointer vectors allocated
Pairs pointer allocated
Length pointer allocated
Number of chunks: 8
Computing chunk 1 of 4
Streams used: 2
chunk start 0
chunk end 28
last chunk start 148
last neighbor 158
Neighbor size: 159
Indexes copied
Copying 116B of data
Start of last vertex: 148
Vertex starts copied
Copying vertex starts from 0 with length of 159
Neighbors copied
0: 0
1: 10
2: 20
3: 30
4: 40
5: 55
6: 61
7: 71
8: 81
9: 91
10: 97
11: 103
12: 109
13: 112
14: 115
15: 125
16: 131
17: 141
18: 144
19: 159
20: 165
21: 171
22: 177
23: 178
24: 178
25: 181
26: 247
27: 352
28: 0
Generation finished
Copieeed clusters: 543
host cluster sizes copied
host cluster starts copied
chunk start 29
chunk end 37
last chunk start 233
last neighbor 241
Neighbor size: 83
Indexes copied
Copying 36B of data
Start of last vertex: 233
Vertex starts copied
Copying vertex starts from 159 with length of 83
Neighbors copied
0: 0
1: 10
2: 20
3: 30
4: 40
5: 55
6: 61
7: 71
8: 81
Generation finished
Copieeed clusters: 485
host cluster sizes copied
host cluster starts copied
Pairs Generated
Computing chunk 3 of 4
Streams used: 2
chunk start 38
chunk end 107
last chunk start 408
last neighbor 419
Neighbor size: 178
Indexes copied
Copying 280B of data
Start of last vertex: 408
Vertex starts copied
Error!
Last Error: cudaErrorInvalidValue
Details: invalid argument
