Evaluating file ../new_fb_full.txt
Generating chunks
0-107 108-108 109-946 947-1198 1199-1399 1400-1608 1609-1684 1685-1753 1754-1912 1913-1963 1964-2071 2072-2142 2143-2244 2245-2339 2340-2436 2437-2551 2552-2631 2632-3049 3050-3437 3438-4038 
stream created
Allocated for vertex start: 3348
Most neighbors: 20069
Cluster size ptr: 0x7fe3b8000000 - 0x7fe3ba388884
Host cluster size ptr: 0x7fe3a3c77010
stream created
Allocated for vertex start: 3348
Most neighbors: 20069
Cluster size ptr: 0x7fe3c1000000 - 0x7fe3c3388884
Host cluster size ptr: 0x7fe39ae54010
Pointer vectors allocated
Pairs pointer allocated
Length pointer allocated
Number of chunks: 40
RUN
Streams used: 2
chunk start 0
chunk end 107
last chunk start 1950
last neighbor 2994
Neighbor size: 2995
Indexes copied
Copying 428B of data
Start of last vertex: 1950
Vertex starts copied
Neighbors copied
Generation finished
Copied clusters: 630251
host cluster sizes copied
host cluster starts copied
chunk start 108
chunk end 108
last chunk start 2995
last neighbor 3007
Neighbor size: 13
Indexes copied
Copying 0B of data
Start of last vertex: 2995
Vertex starts copied
Neighbors copied
Generation finished
Copied clusters: 78
host cluster sizes copied
host cluster starts copied
Pairs Generated
Processed clusters: 630251
Processed clusters: 78
RUN
Streams used: 2
chunk start 1199
chunk end 1399
last chunk start 46130
last neighbor 46307
Neighbor size: 11003
Indexes copied
Copying 800B of data
Start of last vertex: 46130
Vertex starts copied
Neighbors copied
Generation finished
Copied clusters: 522737
