Evaluating file ../../test_edgelist.txt
Generating chunks
0-153 
stream created
Allocated for vertex start: 616
Most neighbors: 508
Cluster size ptr: 0x7fbb57e01000 - 0x7fbb57e02b80
Host cluster size ptr: 0xe44800
stream created
Allocated for vertex start: 616
Most neighbors: 508
Cluster size ptr: 0x7fbb57e09000 - 0x7fbb57e0ab80
Host cluster size ptr: 0xe57a40
Pointer vectors allocated
Pairs pointer allocated
Length pointer allocated
Number of chunks: 2
RUN
Streams used: 1
Indexes copied
Copying 612B of data
Vertex starts copied
Neighbors copied
Generation finished
Copied clusters: 1760
Cluster of size 17 for nodes 71-151-27
Cluster of size 30 for nodes 77-151-27
Cluster of size 17 for nodes 85-151-27
Cluster of size 28 for nodes 107-151-27
Cluster of size 16 for nodes 131-151-27
Cluster of size 18 for nodes 24-151-27
Cluster of size 28 for nodes 25-151-27
Cluster of size 30 for nodes 26-151-27
Cluster of size 33 for nodes 27-151-27
Cluster of size 26 for nodes 28-151-27
Cluster of size 20 for nodes 29-151-27
Cluster of size 26 for nodes 30-151-27
Cluster of size 21 for nodes 35-151-27
Cluster of size 25 for nodes 37-151-27
Cluster of size 18 for nodes 38-151-27
Cluster of size 23 for nodes 41-151-27
Cluster of size 20 for nodes 60-151-27
host cluster sizes copied
host cluster starts copied
Pairs Generated
Processed clusters: 1760
i: 2003, Cluster size:151 total: 394
i: 2007, Cluster size:151 total: 394
i: 2011, Cluster size:151 total: 394
i: 2015, Cluster size:151 total: 394
i: 2019, Cluster size:151 total: 394
i: 2023, Cluster size:151 total: 394
i: 2027, Cluster size:151 total: 394
i: 2031, Cluster size:151 total: 394
i: 2035, Cluster size:151 total: 394
i: 2039, Cluster size:151 total: 394
i: 2043, Cluster size:151 total: 394
i: 2047, Cluster size:151 total: 394
i: 2051, Cluster size:0 total: 394
i: 2055, Cluster size:32699 total: 394
i: 2059, Cluster size:0 total: 394
i: 2063, Cluster size:3 total: 394
i: 2067, Cluster size:4 total: 394
end
Clusters total: 7040, array_size: 4096
Ratio: 1, ceil: 2
Computing normalized force in 2 chunks
Copying elements 0 to 4096
Copying elements 4096 to 7040
Normalized sizes coutned
