Evaluating file ../../test_edgelist.txt
Skipping edge 25 - 25
Skipping edge 27 - 27
Skipping edge 30 - 30
Skipping edge 31 - 31
Skipping edge 32 - 32
Skipping edge 34 - 34
Skipping edge 37 - 37
Skipping edge 63 - 63
Skipping edge 65 - 65
Skipping edge 78 - 78
Skipping edge 95 - 95
Skipping edge 101 - 101
Skipping edge 107 - 107
Skipping edge 109 - 109
Skipping edge 125 - 125
Skipping edge 144 - 144
Generating chunks
0-28 29-37 38-107 108-153 
stream created
Allocated for vertex start: 276
Most neighbors: 175
stream created
Allocated for vertex start: 276
Most neighbors: 175
Pointer vectors allocated
Pairs pointer allocated
Length pointer allocated
Number of chunks: 8
Computing chunk 1 of 8
Streams used: 2
Neighbor size: 159
Indexes copied
Copying 116B of data
Start of last vertex: 148
Vertex starts copied
Neighbors copied
0: 0
1: 5
2: 10
3: 15
4: 20
5: 26
6: 30
7: 35
8: 40
9: 45
10: 49
11: 53
12: 57
13: 60
14: 63
15: 68
16: 72
17: 77
18: 80
19: 86
20: 90
21: 94
22: 98
23: 100
24: 101
25: 104
26: 116
27: 131
28: 148
Generation finished
Copieeed clusters: 543
host cluster sizes copied
host cluster starts copied
Neighbor size: 83
Indexes copied
Copying 36B of data
Start of last vertex: 233
Vertex starts copied
Neighbors copied
0: 159
1: 164
2: 174
3: 181
4: 200
5: 206
6: 225
7: 231
8: 233
Generation finished
Copieeed clusters: 485
host cluster sizes copied
host cluster starts copied
Pairs Generated
Computing chunk 5 of 8
Streams used: 0
Pairs Generated
Total cluster sizes: 
0: 4883
1: 338
2: 291
3: 395
4: 576
5: 244
6: 395
7: 378
8: 378
9: 207
10: 129
11: 166
12: 69
13: 69
14: 190
15: 51
16: 38
17: 0
18: 39
19: 22
20: 43
21: 0
22: 58
23: 0
24: 0
25: 16416
26: 3334
27: 13712
28: 23935
29: 628
30: 1312
31: 1148
32: 5354
33: 931
34: 903
35: 720
36: 997
37: 21708
38: 0
39: 0
40: 0
41: 0
42: 0
43: 0
44: 0
45: 0
46: 0
47: 0
48: 0
49: 0
50: 0
51: 0
52: 179
53: 0
54: 401
55: 0
56: 0
57: 0
58: 0
59: 72
60: 0
61: 0
62: 77
63: 0
64: 0
65: 0
66: 0
67: 0
68: 0
69: 0
70: 0
71: 0
72: 0
73: 0
74: 0
75: 0
76: 67
77: 0
78: 0
79: 0
80: 0
81: 0
82: 0
83: 0
84: 0
85: 0
86: 0
87: 0
88: 0
89: 0
90: 0
91: 0
92: 0
93: 0
94: 0
95: 0
96: 0
97: 0
98: 0
99: 0
100: 0
101: 0
102: 0
103: 0
104: 0
105: 0
106: 0
107: 199
108: 0
109: 0
110: 0
111: 0
112: 0
113: 0
114: 83
115: 0
116: 0
117: 0
118: 0
119: 0
120: 0
121: 0
122: 0
123: 0
124: 0
125: 0
126: 0
127: 0
128: 0
129: 0
130: 0
131: 0
132: 311
133: 391
134: 241
135: 252
136: 238
137: 0
138: 0
139: 0
140: 0
141: 0
142: 0
143: 0
144: 68
145: 0
146: 0
147: 0
148: 56
149: 0
150: 0
151: 0
152: 0
153: 0
end
Clusters total: 6380, array_size: 512
Ratio: 12, ceil: 13
Computing normalized force in 13 chunks
Normalized sizes counted, freeing cuda arrays: 2
CUDA pointers deallocated
Starting summation of normalized edges

0: 2.21023
1: 3.56533
2: 3.50835
3: 3.68178
4: 3.9853
5: 3.32372
6: 3.68178
7: 3.68083
8: 3.68083
9: 3.24452
10: 2.87614
11: 3.07467
12: 2.43879
13: 2.43879
14: 3.14413
15: 2.03195
16: 1.38491
17: 0
18: 1.38529
19: 1.09006
20: 1.77753
21: 0
22: 2.07059
23: 0
24: 0
25: 0.51654
26: 2.97003
27: 0.235799
28: 2.02175
29: 1.09508
30: 0.965279
31: 1.31658
32: 0.213397
33: 0.493048
34: 0.632629
35: 0.522871
36: 0
37: 0
38: 0
39: 0
40: 0
41: 0
42: 0
43: 0
44: 0
45: 0
46: 0
47: 0
48: 0
49: 0
50: 0
51: 0
52: 0
53: 0
54: 0
55: 0
56: 0
57: 0
58: 0
59: 0
60: 0
61: 0
62: 1.38604
63: 0
64: 0
65: 0
66: 0
67: 0
68: 0
69: 0
70: 0
71: 0
72: 0
73: 0
74: 0
75: 0
76: 0
77: 0
78: 0
79: 0
80: 0
81: 0
82: 0
83: 0
84: 0
85: 0
86: 0
87: 0
88: 0
89: 0
90: 0
91: 0
92: 0
93: 0
94: 0
95: 0
96: 0
97: 0
98: 0
99: 0
100: 0
101: 0
102: 0
103: 0
104: 0
105: 0
106: 0
107: 0
108: 0
109: 0
110: 0
111: 0
112: 0
113: 0
114: 0
115: 0
116: 0
117: 0
118: 0
119: 0
120: 0
121: 0
122: 0
123: 0
124: 0
125: 0
126: 0
127: 0
128: 0
129: 0
130: 0
131: 0
132: 0
133: 0
134: 0
135: 0
136: 0
137: 0
138: 0
139: 0
140: 0
141: 0
142: 0
143: 0
144: 0
145: 0
146: 0
147: 0
148: 0
149: 0
150: 0
151: 0
152: 0
153: 0
