Evaluating file ../../test_edgelist.txt
Skipping edge 25 - 25
Skipping edge 27 - 27
Skipping edge 30 - 30
Skipping edge 31 - 31
Skipping edge 32 - 32
Skipping edge 34 - 34
Skipping edge 37 - 37
Skipping edge 63 - 63
Skipping edge 65 - 65
Skipping edge 78 - 78
Skipping edge 95 - 95
Skipping edge 101 - 101
Skipping edge 107 - 107
Skipping edge 109 - 109
Skipping edge 125 - 125
Skipping edge 144 - 144
Generating chunks
0-26 27-28 29-32 33-34 35-42 43-77 78-107 108-153 
stream created
Allocated for vertex start: 184
Most neighbors: 116
stream created
Allocated for vertex start: 184
Most neighbors: 116
Pointer vectors allocated
Pairs pointer allocated
Length pointer allocated
Number of chunks: 16
Computing chunk 1 of 16
Streams used: 2
Neighbor size: 131
Indexes copied
Copying 104B of data
Start of last vertex: 116
Vertex starts copied
Neighbors copied
Error!
Last Error: cudaErrorInvalidValue
Details: invalid argument
