Evaluating file ../../test_edgelist.txt
Skipping edge 25 - 25
Skipping edge 27 - 27
Skipping edge 30 - 30
Skipping edge 31 - 31
Skipping edge 32 - 32
Skipping edge 34 - 34
Skipping edge 37 - 37
Skipping edge 63 - 63
Skipping edge 65 - 65
Skipping edge 78 - 78
Skipping edge 95 - 95
Skipping edge 101 - 101
Skipping edge 107 - 107
Skipping edge 109 - 109
Skipping edge 125 - 125
Skipping edge 144 - 144
Generating chunks
0-27 28-32 33-37 38-78 79-153 
stream created
Allocated for vertex start: 300
Most neighbors: 144
stream created
Allocated for vertex start: 300
Most neighbors: 144
Pointer vectors allocated
Pairs pointer allocated
Length pointer allocated
Number of chunks: 10
Computing chunk 1 of 10
Streams used: 2
Neighbor size: 148
Indexes copied
Copying 112B of data
Start of last vertex: 131
Vertex starts copied
Neighbors copied
Error!
Last Error: cudaErrorInvalidValue
Details: invalid argument
